<?xml version="1.0" encoding="utf-8"?><testsuites><testsuite name="pytest" errors="0" failures="0" skipped="0" tests="24" time="0.084" timestamp="2024-01-17T22:07:39.053959" hostname="Mihaminas-Air"><testcase classname="tests.calculation_test.TestHoursCalculation" name="test_correct_hours_hours_sum" time="0.001" /><testcase classname="tests.calculation_test.TestHoursCalculation" name="test_correct_hours_hours_sum_extra_days_am" time="0.000" /><testcase classname="tests.calculation_test.TestHoursCalculation" name="test_correct_hours_hours_sum_extra_days_pm_midnight_result" time="0.000" /><testcase classname="tests.calculation_test.TestHoursCalculation" name="test_correct_hours_hours_sum_extra_days_pm_result" time="0.000" /><testcase classname="tests.calculation_test.TestMinutesCalculation" name="test_correct_minutes_sum" time="0.000" /><testcase classname="tests.calculation_test.TestMinutesCalculation" name="test_correct_minutes_sum_extra_hour" time="0.000" /><testcase classname="tests.formatter_test.TestFormatter" name="test_correct_formatter_output" time="0.000" /><testcase classname="tests.formatter_test.TestFormatter" name="test_correct_formatter_output_more_extra_days" time="0.000" /><testcase classname="tests.formatter_test.TestFormatter" name="test_correct_formatter_output_no_extra_day" time="0.000" /><testcase classname="tests.mains_test.TestTimeCalculator" name="test_time_calculator_success" time="0.001" /><testcase classname="tests.mains_test.TestTimeCalculator" name="test_time_calculator_success_2" time="0.000" /><testcase classname="tests.mains_test.TestTimeCalculator" name="test_time_calculator_success_3" time="0.000" /><testcase classname="tests.mains_test.TestTimeCalculator" name="test_time_calculator_success_4" time="0.000" /><testcase classname="tests.mains_test.TestTimeCalculator" name="test_time_calculator_success_5" time="0.000" /><testcase classname="tests.mains_test.TestTimeCalculator" name="test_time_calculator_success_6" time="0.000" /><testcase classname="tests.parser_test.TestClockParser" name="test_correct_clock_no_zero" time="0.000" /><testcase classname="tests.parser_test.TestClockParser" name="test_correct_clock_with_zero" time="0.000" /><testcase classname="tests.parser_test.TestClockParser" name="test_error_hours_out_boundaries" time="0.000" /><testcase classname="tests.parser_test.TestClockParser" name="test_error_minutes_out_boundaries" time="0.000" /><testcase classname="tests.parser_test.TestDurationParser" name="test_correct_duration" time="0.000" /><testcase classname="tests.parser_test.TestDurationParser" name="test_correct_duration_zeros" time="0.000" /><testcase classname="tests.parser_test.TestDurationParser" name="test_duration_minutes_out_of_bound" time="0.000" /><testcase classname="tests.parser_test.TestDayParser" name="test_correct_day" time="0.000" /><testcase classname="tests.parser_test.TestDayParser" name="test_false_day" time="0.000" /></testsuite></testsuites>
